<?xml version="1.0" encoding="UTF-8"?>
<testsuite name="Academy Choucair" tests="1" skipped="0" failures="0" errors="0" timestamp="2020-05-29T21:34:17" hostname="ykytu-K401UQ" time="15.365">
  <properties/>
  <testcase name="Search for a automation course" classname="Academy Choucair" time="15.365"/>
  <system-out><![CDATA[]]></system-out>
  <system-err><![CDATA[May 29, 2020 4:34:17 PM org.openqa.selenium.remote.DesiredCapabilities chrome
INFO: Using `new ChromeOptions()` is preferred to `DesiredCapabilities.chrome()`
Starting ChromeDriver 2.37.544315 (730aa6a5fdba159ac9f4c1e8cbc59bf1b5ce12b7) on port 27675
Only local connections are allowed.
May 29, 2020 4:34:18 PM org.openqa.selenium.remote.ProtocolHandshake createSession
INFO: Detected dialect: OSS
[Test worker] INFO net.serenitybdd.core.Serenity - 
        __    _____ _____ ____ _____   ____   _    ____  ____  _____ ____  
  _     \ \  |_   _| ____/ ___|_   _| |  _ \ / \  / ___|/ ___|| ____|  _ \ 
 (_)_____| |   | | |  _| \___ \ | |   | |_) / _ \ \___ \\___ \|  _| | | | |
  _|_____| |   | | | |___ ___) || |   |  __/ ___ \ ___) |___) | |___| |_| |
 (_)     | |   |_| |_____|____/ |_|   |_| /_/   \_\____/|____/|_____|____/ 
        /_/                                                                

TEST PASSED: Search for a automation course
----------------------------------------------------------------------------
]]></system-err>
</testsuite>
